[1.224s] DEBUG:colcon:Command line arguments: ['/usr/bin/colcon', 'build', '--symlink-install']
[1.224s] DEBUG:colcon:Parsed command line arguments: Namespace(log_base=None, log_level=None, verb_name='build', build_base='build', install_base='install', merge_install=False, symlink_install=True, test_result_base=None, continue_on_error=False, executor='parallel', parallel_workers=8, event_handlers=None, ignore_user_meta=False, metas=['./colcon.meta'], base_paths=['.'], packages_ignore=None, packages_ignore_regex=None, paths=None, packages_up_to=None, packages_up_to_regex=None, packages_above=None, packages_above_and_dependencies=None, packages_above_depth=None, packages_select_by_dep=None, packages_skip_by_dep=None, packages_skip_up_to=None, packages_select_build_failed=False, packages_skip_build_finished=False, packages_select_test_failures=False, packages_skip_test_passed=False, packages_select=None, packages_skip=None, packages_select_regex=None, packages_skip_regex=None, packages_start=None, packages_end=None, allow_overriding=[], cmake_args=None, cmake_target=None, cmake_target_skip_unavailable=False, cmake_clean_cache=False, cmake_clean_first=False, cmake_force_configure=False, ament_cmake_args=None, catkin_cmake_args=None, catkin_skip_building_tests=False, mixin_files=None, mixin=None, verb_parser=<colcon_mixin.mixin.mixin_argument.MixinArgumentDecorator object at 0x7fcbd79203a0>, verb_extension=<colcon_core.verb.build.BuildVerb object at 0x7fcbd79204c0>, main=<bound method BuildVerb.main of <colcon_core.verb.build.BuildVerb object at 0x7fcbd79204c0>>, mixin_verb=('build',))
[1.286s] Level 1:colcon.colcon_core.package_discovery:discover_packages(colcon_meta) check parameters
[1.286s] Level 1:colcon.colcon_core.package_discovery:discover_packages(recursive) check parameters
[1.286s] Level 1:colcon.colcon_core.package_discovery:discover_packages(ignore) check parameters
[1.286s] Level 1:colcon.colcon_core.package_discovery:discover_packages(path) check parameters
[1.286s] Level 1:colcon.colcon_core.package_discovery:discover_packages(colcon_meta) discover
[1.286s] Level 1:colcon.colcon_core.package_discovery:discover_packages(recursive) discover
[1.286s] INFO:colcon.colcon_core.package_discovery:Crawling recursively for packages in '/home/prithvi-jai/ros2_ws/src/cycloidal_arm'
[1.286s] Level 1:colcon.colcon_core.package_identification:_identify(.) by extensions ['ignore', 'ignore_ament_install']
[1.286s] Level 1:colcon.colcon_core.package_identification:_identify(.) by extension 'ignore'
[1.286s] Level 1:colcon.colcon_core.package_identification:_identify(.) by extension 'ignore_ament_install'
[1.286s] Level 1:colcon.colcon_core.package_identification:_identify(.) by extensions ['colcon_pkg']
[1.286s] Level 1:colcon.colcon_core.package_identification:_identify(.) by extension 'colcon_pkg'
[1.286s] Level 1:colcon.colcon_core.package_identification:_identify(.) by extensions ['colcon_meta']
[1.286s] Level 1:colcon.colcon_core.package_identification:_identify(.) by extension 'colcon_meta'
[1.286s] Level 1:colcon.colcon_core.package_identification:_identify(.) by extensions ['ros']
[1.287s] Level 1:colcon.colcon_core.package_identification:_identify(.) by extension 'ros'
[1.301s] DEBUG:colcon.colcon_core.package_identification:Package '.' with type 'ros.ament_cmake' and name 'cycloidal_arm'
[1.301s] Level 1:colcon.colcon_core.package_discovery:discover_packages(recursive) using defaults
[1.301s] Level 1:colcon.colcon_core.package_discovery:discover_packages(ignore) discover
[1.301s] Level 1:colcon.colcon_core.package_discovery:discover_packages(ignore) using defaults
[1.301s] Level 1:colcon.colcon_core.package_discovery:discover_packages(path) discover
[1.301s] Level 1:colcon.colcon_core.package_discovery:discover_packages(path) using defaults
[1.384s] Level 1:colcon.colcon_core.package_discovery:discover_packages(prefix_path) check parameters
[1.384s] Level 1:colcon.colcon_core.package_discovery:discover_packages(prefix_path) discover
[1.460s] DEBUG:colcon.colcon_installed_package_information.package_discovery:Found 69 installed packages in /home/prithvi-jai/ws_moveit/install
[1.477s] DEBUG:colcon.colcon_installed_package_information.package_discovery:Found 6 installed packages in /home/prithvi-jai/ros2_ws/install
[1.496s] DEBUG:colcon.colcon_installed_package_information.package_discovery:Found 15 installed packages in /home/prithvi-jai/turtlebot3_ws/install
[1.507s] DEBUG:colcon.colcon_installed_package_information.package_discovery:Found 0 installed packages in /home/prithvi-jai/Desktop/prithvi_ws/install
[1.520s] DEBUG:colcon.colcon_installed_package_information.package_discovery:Found 1 installed packages in /home/prithvi-jai/ldlidar_sl_ros2/install
[1.533s] DEBUG:colcon.colcon_installed_package_information.package_discovery:Found 444 installed packages in /opt/ros/humble
[1.535s] Level 1:colcon.colcon_core.package_discovery:discover_packages(prefix_path) using defaults
[1.711s] Level 5:colcon.colcon_core.verb:set package 'cycloidal_arm' build argument 'cmake_args' from command line to 'None'
[1.711s] Level 5:colcon.colcon_core.verb:set package 'cycloidal_arm' build argument 'cmake_target' from command line to 'None'
[1.711s] Level 5:colcon.colcon_core.verb:set package 'cycloidal_arm' build argument 'cmake_target_skip_unavailable' from command line to 'False'
[1.711s] Level 5:colcon.colcon_core.verb:set package 'cycloidal_arm' build argument 'cmake_clean_cache' from command line to 'False'
[1.711s] Level 5:colcon.colcon_core.verb:set package 'cycloidal_arm' build argument 'cmake_clean_first' from command line to 'False'
[1.711s] Level 5:colcon.colcon_core.verb:set package 'cycloidal_arm' build argument 'cmake_force_configure' from command line to 'False'
[1.711s] Level 5:colcon.colcon_core.verb:set package 'cycloidal_arm' build argument 'ament_cmake_args' from command line to 'None'
[1.711s] Level 5:colcon.colcon_core.verb:set package 'cycloidal_arm' build argument 'catkin_cmake_args' from command line to 'None'
[1.711s] Level 5:colcon.colcon_core.verb:set package 'cycloidal_arm' build argument 'catkin_skip_building_tests' from command line to 'False'
[1.711s] DEBUG:colcon.colcon_core.verb:Building package 'cycloidal_arm' with the following arguments: {'ament_cmake_args': None, 'build_base': '/home/prithvi-jai/ros2_ws/src/cycloidal_arm/build/cycloidal_arm', 'catkin_cmake_args': None, 'catkin_skip_building_tests': False, 'cmake_args': None, 'cmake_clean_cache': False, 'cmake_clean_first': False, 'cmake_force_configure': False, 'cmake_target': None, 'cmake_target_skip_unavailable': False, 'install_base': '/home/prithvi-jai/ros2_ws/src/cycloidal_arm/install/cycloidal_arm', 'merge_install': False, 'path': '/home/prithvi-jai/ros2_ws/src/cycloidal_arm', 'symlink_install': True, 'test_result_base': None}
[1.722s] INFO:colcon.colcon_core.executor:Executing jobs using 'parallel' executor
[1.733s] DEBUG:colcon.colcon_parallel_executor.executor.parallel:run_until_complete
[1.733s] INFO:colcon.colcon_ros.task.ament_cmake.build:Building ROS package in '/home/prithvi-jai/ros2_ws/src/cycloidal_arm' with build type 'ament_cmake'
[1.734s] INFO:colcon.colcon_cmake.task.cmake.build:Building CMake package in '/home/prithvi-jai/ros2_ws/src/cycloidal_arm'
[1.749s] INFO:colcon.colcon_core.plugin_system:Skipping extension 'colcon_core.shell.bat': Not used on non-Windows systems
[1.749s] INFO:colcon.colcon_core.shell:Skip shell extension 'powershell' for command environment: Not usable outside of PowerShell
[1.749s] DEBUG:colcon.colcon_core.shell:Skip shell extension 'dsv' for command environment
[1.840s] DEBUG:colcon.colcon_core.event_handler.log_command:Invoking command in '/home/prithvi-jai/ros2_ws/src/cycloidal_arm/build/cycloidal_arm': CMAKE_PREFIX_PATH=/home/prithvi-jai/ros2_ws/install/my_package:/home/prithvi-jai/ros2_ws/install/my_first_pkg:/home/prithvi-jai/ros2_ws/install/launch_learn:/home/prithvi-jai/ws_moveit/install/moveit_configs_utils:/home/prithvi-jai/ws_moveit/install/launch_param_builder:/home/prithvi-jai/turtlebot3_ws/install/turtlebot3_teleop:/home/prithvi-jai/turtlebot3_ws/install/turtlebot3_example:/opt/ros/humble:${CMAKE_PREFIX_PATH} /usr/bin/cmake /home/prithvi-jai/ros2_ws/src/cycloidal_arm -DAMENT_CMAKE_SYMLINK_INSTALL=1 -DCMAKE_INSTALL_PREFIX=/home/prithvi-jai/ros2_ws/src/cycloidal_arm/install/cycloidal_arm
[2.793s] DEBUG:colcon.colcon_core.event_handler.log_command:Invoked command in '/home/prithvi-jai/ros2_ws/src/cycloidal_arm/build/cycloidal_arm' returned '0': CMAKE_PREFIX_PATH=/home/prithvi-jai/ros2_ws/install/my_package:/home/prithvi-jai/ros2_ws/install/my_first_pkg:/home/prithvi-jai/ros2_ws/install/launch_learn:/home/prithvi-jai/ws_moveit/install/moveit_configs_utils:/home/prithvi-jai/ws_moveit/install/launch_param_builder:/home/prithvi-jai/turtlebot3_ws/install/turtlebot3_teleop:/home/prithvi-jai/turtlebot3_ws/install/turtlebot3_example:/opt/ros/humble:${CMAKE_PREFIX_PATH} /usr/bin/cmake /home/prithvi-jai/ros2_ws/src/cycloidal_arm -DAMENT_CMAKE_SYMLINK_INSTALL=1 -DCMAKE_INSTALL_PREFIX=/home/prithvi-jai/ros2_ws/src/cycloidal_arm/install/cycloidal_arm
[2.794s] DEBUG:colcon.colcon_core.event_handler.log_command:Invoking command in '/home/prithvi-jai/ros2_ws/src/cycloidal_arm/build/cycloidal_arm': CMAKE_PREFIX_PATH=/home/prithvi-jai/ros2_ws/install/my_package:/home/prithvi-jai/ros2_ws/install/my_first_pkg:/home/prithvi-jai/ros2_ws/install/launch_learn:/home/prithvi-jai/ws_moveit/install/moveit_configs_utils:/home/prithvi-jai/ws_moveit/install/launch_param_builder:/home/prithvi-jai/turtlebot3_ws/install/turtlebot3_teleop:/home/prithvi-jai/turtlebot3_ws/install/turtlebot3_example:/opt/ros/humble:${CMAKE_PREFIX_PATH} /usr/bin/cmake --build /home/prithvi-jai/ros2_ws/src/cycloidal_arm/build/cycloidal_arm -- -j8 -l8
[2.839s] DEBUG:colcon.colcon_core.event_handler.log_command:Invoked command in '/home/prithvi-jai/ros2_ws/src/cycloidal_arm/build/cycloidal_arm' returned '0': CMAKE_PREFIX_PATH=/home/prithvi-jai/ros2_ws/install/my_package:/home/prithvi-jai/ros2_ws/install/my_first_pkg:/home/prithvi-jai/ros2_ws/install/launch_learn:/home/prithvi-jai/ws_moveit/install/moveit_configs_utils:/home/prithvi-jai/ws_moveit/install/launch_param_builder:/home/prithvi-jai/turtlebot3_ws/install/turtlebot3_teleop:/home/prithvi-jai/turtlebot3_ws/install/turtlebot3_example:/opt/ros/humble:${CMAKE_PREFIX_PATH} /usr/bin/cmake --build /home/prithvi-jai/ros2_ws/src/cycloidal_arm/build/cycloidal_arm -- -j8 -l8
[2.886s] DEBUG:colcon.colcon_core.event_handler.log_command:Invoking command in '/home/prithvi-jai/ros2_ws/src/cycloidal_arm/build/cycloidal_arm': CMAKE_PREFIX_PATH=/home/prithvi-jai/ros2_ws/install/my_package:/home/prithvi-jai/ros2_ws/install/my_first_pkg:/home/prithvi-jai/ros2_ws/install/launch_learn:/home/prithvi-jai/ws_moveit/install/moveit_configs_utils:/home/prithvi-jai/ws_moveit/install/launch_param_builder:/home/prithvi-jai/turtlebot3_ws/install/turtlebot3_teleop:/home/prithvi-jai/turtlebot3_ws/install/turtlebot3_example:/opt/ros/humble:${CMAKE_PREFIX_PATH} /usr/bin/cmake --install /home/prithvi-jai/ros2_ws/src/cycloidal_arm/build/cycloidal_arm
[3.257s] Level 1:colcon.colcon_core.environment:create_environment_scripts_only(cycloidal_arm)
[3.257s] DEBUG:colcon.colcon_core.event_handler.log_command:Invoked command in '/home/prithvi-jai/ros2_ws/src/cycloidal_arm/build/cycloidal_arm' returned '0': CMAKE_PREFIX_PATH=/home/prithvi-jai/ros2_ws/install/my_package:/home/prithvi-jai/ros2_ws/install/my_first_pkg:/home/prithvi-jai/ros2_ws/install/launch_learn:/home/prithvi-jai/ws_moveit/install/moveit_configs_utils:/home/prithvi-jai/ws_moveit/install/launch_param_builder:/home/prithvi-jai/turtlebot3_ws/install/turtlebot3_teleop:/home/prithvi-jai/turtlebot3_ws/install/turtlebot3_example:/opt/ros/humble:${CMAKE_PREFIX_PATH} /usr/bin/cmake --install /home/prithvi-jai/ros2_ws/src/cycloidal_arm/build/cycloidal_arm
[3.274s] Level 1:colcon.colcon_core.environment:checking '/home/prithvi-jai/ros2_ws/src/cycloidal_arm/install/cycloidal_arm' for CMake module files
[3.275s] Level 1:colcon.colcon_core.environment:checking '/home/prithvi-jai/ros2_ws/src/cycloidal_arm/install/cycloidal_arm' for CMake config files
[3.275s] Level 1:colcon.colcon_core.shell:create_environment_hook('cycloidal_arm', 'cmake_prefix_path')
[3.287s] INFO:colcon.colcon_core.shell:Creating environment hook '/home/prithvi-jai/ros2_ws/src/cycloidal_arm/install/cycloidal_arm/share/cycloidal_arm/hook/cmake_prefix_path.ps1'
[3.288s] INFO:colcon.colcon_core.shell:Creating environment descriptor '/home/prithvi-jai/ros2_ws/src/cycloidal_arm/install/cycloidal_arm/share/cycloidal_arm/hook/cmake_prefix_path.dsv'
[3.288s] INFO:colcon.colcon_core.shell:Creating environment hook '/home/prithvi-jai/ros2_ws/src/cycloidal_arm/install/cycloidal_arm/share/cycloidal_arm/hook/cmake_prefix_path.sh'
[3.289s] Level 1:colcon.colcon_core.environment:checking '/home/prithvi-jai/ros2_ws/src/cycloidal_arm/install/cycloidal_arm/bin'
[3.289s] Level 1:colcon.colcon_core.environment:checking '/home/prithvi-jai/ros2_ws/src/cycloidal_arm/install/cycloidal_arm/lib/pkgconfig/cycloidal_arm.pc'
[3.289s] Level 1:colcon.colcon_core.environment:checking '/home/prithvi-jai/ros2_ws/src/cycloidal_arm/install/cycloidal_arm/lib/python3.10/site-packages'
[3.290s] Level 1:colcon.colcon_core.environment:checking '/home/prithvi-jai/ros2_ws/src/cycloidal_arm/install/cycloidal_arm/bin'
[3.302s] INFO:colcon.colcon_core.shell:Creating package script '/home/prithvi-jai/ros2_ws/src/cycloidal_arm/install/cycloidal_arm/share/cycloidal_arm/package.ps1'
[3.302s] INFO:colcon.colcon_core.shell:Creating package descriptor '/home/prithvi-jai/ros2_ws/src/cycloidal_arm/install/cycloidal_arm/share/cycloidal_arm/package.dsv'
[3.303s] INFO:colcon.colcon_core.shell:Creating package script '/home/prithvi-jai/ros2_ws/src/cycloidal_arm/install/cycloidal_arm/share/cycloidal_arm/package.sh'
[3.303s] INFO:colcon.colcon_core.shell:Creating package script '/home/prithvi-jai/ros2_ws/src/cycloidal_arm/install/cycloidal_arm/share/cycloidal_arm/package.bash'
[3.304s] INFO:colcon.colcon_core.shell:Creating package script '/home/prithvi-jai/ros2_ws/src/cycloidal_arm/install/cycloidal_arm/share/cycloidal_arm/package.zsh'
[3.305s] Level 1:colcon.colcon_core.environment:create_file_with_runtime_dependencies(/home/prithvi-jai/ros2_ws/src/cycloidal_arm/install/cycloidal_arm/share/colcon-core/packages/cycloidal_arm)
[3.353s] Level 1:colcon.colcon_core.environment:create_environment_scripts_only(cycloidal_arm)
[3.364s] Level 1:colcon.colcon_core.environment:checking '/home/prithvi-jai/ros2_ws/src/cycloidal_arm/install/cycloidal_arm' for CMake module files
[3.365s] Level 1:colcon.colcon_core.environment:checking '/home/prithvi-jai/ros2_ws/src/cycloidal_arm/install/cycloidal_arm' for CMake config files
[3.365s] Level 1:colcon.colcon_core.shell:create_environment_hook('cycloidal_arm', 'cmake_prefix_path')
[3.377s] INFO:colcon.colcon_core.shell:Creating environment hook '/home/prithvi-jai/ros2_ws/src/cycloidal_arm/install/cycloidal_arm/share/cycloidal_arm/hook/cmake_prefix_path.ps1'
[3.377s] INFO:colcon.colcon_core.shell:Creating environment descriptor '/home/prithvi-jai/ros2_ws/src/cycloidal_arm/install/cycloidal_arm/share/cycloidal_arm/hook/cmake_prefix_path.dsv'
[3.378s] INFO:colcon.colcon_core.shell:Creating environment hook '/home/prithvi-jai/ros2_ws/src/cycloidal_arm/install/cycloidal_arm/share/cycloidal_arm/hook/cmake_prefix_path.sh'
[3.378s] Level 1:colcon.colcon_core.environment:checking '/home/prithvi-jai/ros2_ws/src/cycloidal_arm/install/cycloidal_arm/bin'
[3.378s] Level 1:colcon.colcon_core.environment:checking '/home/prithvi-jai/ros2_ws/src/cycloidal_arm/install/cycloidal_arm/lib/pkgconfig/cycloidal_arm.pc'
[3.378s] Level 1:colcon.colcon_core.environment:checking '/home/prithvi-jai/ros2_ws/src/cycloidal_arm/install/cycloidal_arm/lib/python3.10/site-packages'
[3.378s] Level 1:colcon.colcon_core.environment:checking '/home/prithvi-jai/ros2_ws/src/cycloidal_arm/install/cycloidal_arm/bin'
[3.391s] INFO:colcon.colcon_core.shell:Creating package script '/home/prithvi-jai/ros2_ws/src/cycloidal_arm/install/cycloidal_arm/share/cycloidal_arm/package.ps1'
[3.391s] INFO:colcon.colcon_core.shell:Creating package descriptor '/home/prithvi-jai/ros2_ws/src/cycloidal_arm/install/cycloidal_arm/share/cycloidal_arm/package.dsv'
[3.392s] INFO:colcon.colcon_core.shell:Creating package script '/home/prithvi-jai/ros2_ws/src/cycloidal_arm/install/cycloidal_arm/share/cycloidal_arm/package.sh'
[3.392s] INFO:colcon.colcon_core.shell:Creating package script '/home/prithvi-jai/ros2_ws/src/cycloidal_arm/install/cycloidal_arm/share/cycloidal_arm/package.bash'
[3.392s] INFO:colcon.colcon_core.shell:Creating package script '/home/prithvi-jai/ros2_ws/src/cycloidal_arm/install/cycloidal_arm/share/cycloidal_arm/package.zsh'
[3.392s] Level 1:colcon.colcon_core.environment:create_file_with_runtime_dependencies(/home/prithvi-jai/ros2_ws/src/cycloidal_arm/install/cycloidal_arm/share/colcon-core/packages/cycloidal_arm)
[3.393s] DEBUG:colcon.colcon_parallel_executor.executor.parallel:closing loop
[3.393s] DEBUG:colcon.colcon_parallel_executor.executor.parallel:loop closed
[3.393s] DEBUG:colcon.colcon_parallel_executor.executor.parallel:run_until_complete finished with '0'
[3.393s] DEBUG:colcon.colcon_core.event_reactor:joining thread
[3.414s] INFO:colcon.colcon_core.plugin_system:Skipping extension 'colcon_notification.desktop_notification.terminal_notifier': Not used on non-Darwin systems
[3.414s] INFO:colcon.colcon_core.plugin_system:Skipping extension 'colcon_notification.desktop_notification.win32': Not used on non-Windows systems
[3.414s] INFO:colcon.colcon_notification.desktop_notification:Sending desktop notification using 'notify2'
[3.426s] DEBUG:colcon.colcon_core.event_reactor:joined thread
[3.449s] INFO:colcon.colcon_core.shell:Creating prefix script '/home/prithvi-jai/ros2_ws/src/cycloidal_arm/install/local_setup.ps1'
[3.450s] INFO:colcon.colcon_core.shell:Creating prefix util module '/home/prithvi-jai/ros2_ws/src/cycloidal_arm/install/_local_setup_util_ps1.py'
[3.452s] INFO:colcon.colcon_core.shell:Creating prefix chain script '/home/prithvi-jai/ros2_ws/src/cycloidal_arm/install/setup.ps1'
[3.466s] INFO:colcon.colcon_core.shell:Creating prefix script '/home/prithvi-jai/ros2_ws/src/cycloidal_arm/install/local_setup.sh'
[3.467s] INFO:colcon.colcon_core.shell:Creating prefix util module '/home/prithvi-jai/ros2_ws/src/cycloidal_arm/install/_local_setup_util_sh.py'
[3.467s] INFO:colcon.colcon_core.shell:Creating prefix chain script '/home/prithvi-jai/ros2_ws/src/cycloidal_arm/install/setup.sh'
[3.482s] INFO:colcon.colcon_core.shell:Creating prefix script '/home/prithvi-jai/ros2_ws/src/cycloidal_arm/install/local_setup.bash'
[3.482s] INFO:colcon.colcon_core.shell:Creating prefix chain script '/home/prithvi-jai/ros2_ws/src/cycloidal_arm/install/setup.bash'
[3.497s] INFO:colcon.colcon_core.shell:Creating prefix script '/home/prithvi-jai/ros2_ws/src/cycloidal_arm/install/local_setup.zsh'
[3.498s] INFO:colcon.colcon_core.shell:Creating prefix chain script '/home/prithvi-jai/ros2_ws/src/cycloidal_arm/install/setup.zsh'
