-- Install configuration: ""
-- Execute custom install script
-- Up-to-date symlink: /home/prithvi-jai/ros2_ws/src/cycloidal_arm/install/cycloidal_arm/share/cycloidal_arm/launch/rsp.launch.py
-- Up-to-date symlink: /home/prithvi-jai/ros2_ws/src/cycloidal_arm/install/cycloidal_arm/share/cycloidal_arm/urdf/cycloidal_arm.gazebo
-- Up-to-date symlink: /home/prithvi-jai/ros2_ws/src/cycloidal_arm/install/cycloidal_arm/share/cycloidal_arm/urdf/cycloidal_arm.trans
-- Up-to-date symlink: /home/prithvi-jai/ros2_ws/src/cycloidal_arm/install/cycloidal_arm/share/cycloidal_arm/urdf/cycloidal_arm.urdf
-- Up-to-date symlink: /home/prithvi-jai/ros2_ws/src/cycloidal_arm/install/cycloidal_arm/share/cycloidal_arm/urdf/cycloidal_arm.xacro
-- Up-to-date symlink: /home/prithvi-jai/ros2_ws/src/cycloidal_arm/install/cycloidal_arm/share/cycloidal_arm/urdf/materials.xacro
-- Up-to-date symlink: /home/prithvi-jai/ros2_ws/src/cycloidal_arm/install/cycloidal_arm/share/cycloidal_arm/meshes/base_link.stl
-- Up-to-date symlink: /home/prithvi-jai/ros2_ws/src/cycloidal_arm/install/cycloidal_arm/share/cycloidal_arm/meshes/camera_1.stl
-- Up-to-date symlink: /home/prithvi-jai/ros2_ws/src/cycloidal_arm/install/cycloidal_arm/share/cycloidal_arm/meshes/link_1_1.stl
-- Up-to-date symlink: /home/prithvi-jai/ros2_ws/src/cycloidal_arm/install/cycloidal_arm/share/cycloidal_arm/meshes/link_2_1.stl
-- Up-to-date symlink: /home/prithvi-jai/ros2_ws/src/cycloidal_arm/install/cycloidal_arm/share/cycloidal_arm/meshes/link_3_1.stl
-- Up-to-date symlink: /home/prithvi-jai/ros2_ws/src/cycloidal_arm/install/cycloidal_arm/share/cycloidal_arm/meshes/link_4_1.stl
-- Up-to-date symlink: /home/prithvi-jai/ros2_ws/src/cycloidal_arm/install/cycloidal_arm/share/cycloidal_arm/meshes/link_5_1.stl
-- Up-to-date symlink: /home/prithvi-jai/ros2_ws/src/cycloidal_arm/install/cycloidal_arm/share/cycloidal_arm/config/controller.launch
-- Up-to-date symlink: /home/prithvi-jai/ros2_ws/src/cycloidal_arm/install/cycloidal_arm/share/cycloidal_arm/config/controller.yaml
-- Up-to-date symlink: /home/prithvi-jai/ros2_ws/src/cycloidal_arm/install/cycloidal_arm/share/cycloidal_arm/config/display.launch
-- Up-to-date symlink: /home/prithvi-jai/ros2_ws/src/cycloidal_arm/install/cycloidal_arm/share/cycloidal_arm/config/gazebo.launch
-- Up-to-date symlink: /home/prithvi-jai/ros2_ws/src/cycloidal_arm/install/cycloidal_arm/share/cycloidal_arm/config/joint_names_cycloidal_arm.yaml
-- Up-to-date symlink: /home/prithvi-jai/ros2_ws/src/cycloidal_arm/install/cycloidal_arm/share/cycloidal_arm/config/urdf.rviz
-- Up-to-date symlink: /home/prithvi-jai/ros2_ws/src/cycloidal_arm/install/cycloidal_arm/share/ament_index/resource_index/package_run_dependencies/cycloidal_arm
-- Up-to-date symlink: /home/prithvi-jai/ros2_ws/src/cycloidal_arm/install/cycloidal_arm/share/ament_index/resource_index/parent_prefix_path/cycloidal_arm
-- Up-to-date symlink: /home/prithvi-jai/ros2_ws/src/cycloidal_arm/install/cycloidal_arm/share/cycloidal_arm/environment/ament_prefix_path.sh
-- Up-to-date symlink: /home/prithvi-jai/ros2_ws/src/cycloidal_arm/install/cycloidal_arm/share/cycloidal_arm/environment/ament_prefix_path.dsv
-- Up-to-date symlink: /home/prithvi-jai/ros2_ws/src/cycloidal_arm/install/cycloidal_arm/share/cycloidal_arm/environment/path.sh
-- Up-to-date symlink: /home/prithvi-jai/ros2_ws/src/cycloidal_arm/install/cycloidal_arm/share/cycloidal_arm/environment/path.dsv
-- Up-to-date symlink: /home/prithvi-jai/ros2_ws/src/cycloidal_arm/install/cycloidal_arm/share/cycloidal_arm/local_setup.bash
-- Up-to-date symlink: /home/prithvi-jai/ros2_ws/src/cycloidal_arm/install/cycloidal_arm/share/cycloidal_arm/local_setup.sh
-- Up-to-date symlink: /home/prithvi-jai/ros2_ws/src/cycloidal_arm/install/cycloidal_arm/share/cycloidal_arm/local_setup.zsh
-- Up-to-date symlink: /home/prithvi-jai/ros2_ws/src/cycloidal_arm/install/cycloidal_arm/share/cycloidal_arm/local_setup.dsv
-- Symlinking: /home/prithvi-jai/ros2_ws/src/cycloidal_arm/install/cycloidal_arm/share/cycloidal_arm/package.dsv
-- Up-to-date symlink: /home/prithvi-jai/ros2_ws/src/cycloidal_arm/install/cycloidal_arm/share/ament_index/resource_index/packages/cycloidal_arm
-- Up-to-date symlink: /home/prithvi-jai/ros2_ws/src/cycloidal_arm/install/cycloidal_arm/share/cycloidal_arm/cmake/cycloidal_armConfig.cmake
-- Up-to-date symlink: /home/prithvi-jai/ros2_ws/src/cycloidal_arm/install/cycloidal_arm/share/cycloidal_arm/cmake/cycloidal_armConfig-version.cmake
-- Up-to-date symlink: /home/prithvi-jai/ros2_ws/src/cycloidal_arm/install/cycloidal_arm/share/cycloidal_arm/package.xml
